<?xml version="1.0" encoding="UTF-8"?>
<testsuite name="Utest Join" tests="1" skipped="0" failures="0" errors="0" timestamp="2021-10-28T15:00:59" hostname="iMac-de-Alejandro.local" time="9.858">
  <properties/>
  <testcase name="Join to Utest Website has new user" classname="Utest Join" time="9.858"/>
  <system-out><![CDATA[]]></system-out>
  <system-err><![CDATA[[Test worker] WARN net.thucydides.core.steps.BaseStepListener - stepStarted: net.thucydides.core.steps.ExecutedStepDescription@5c702f4a
[Test worker] WARN net.thucydides.core.steps.BaseStepListener - stepStarted: net.thucydides.core.steps.ExecutedStepDescription@7d73dfbc
[Test worker] WARN net.thucydides.core.steps.BaseStepListener - stepStarted: net.thucydides.core.steps.ExecutedStepDescription@2c08905d
oct. 28, 2021 10:00:59 A.M. org.openqa.selenium.remote.DesiredCapabilities chrome
INFO: Using `new ChromeOptions()` is preferred to `DesiredCapabilities.chrome()`
[Test worker] INFO net.serenitybdd.core.webdriver.driverproviders.ProvideNewDriver - Instantiating driver
[Test worker] INFO net.serenitybdd.core.webdriver.driverproviders.ProvideNewDriver - Driver capabilities: Capabilities {acceptInsecureCerts: false, browserName: chrome, chrome.switches: --start-maximized, goog:chromeOptions: {args: [--start-maximized], extensions: []}, loggingPrefs: org.openqa.selenium.logging..., platform: ANY, version: }
Starting ChromeDriver 94.0.4606.61 (418b78f5838ed0b1c69bb4e51ea0252171854915-refs/branch-heads/4606@{#1204}) on port 17836
Only local connections are allowed.
Please see https://chromedriver.chromium.org/security-considerations for suggestions on keeping ChromeDriver safe.
ChromeDriver was started successfully.
[1635433262.944][WARNING]: This version of ChromeDriver has not been tested with Chrome version 95.
oct. 28, 2021 10:01:03 A.M. org.openqa.selenium.remote.ProtocolHandshake createSession
INFO: Detected dialect: W3C
[Test worker] WARN net.thucydides.core.steps.BaseStepListener - stepFinished: current outcome:Join to Utest Website has new user:Given than alejandro wants to join in the Utest Website with the personal data [Alejandro open up [Alejandro opens the Utest page]]
[Test worker] WARN net.thucydides.core.steps.BaseStepListener - stepFinished: current outcome:Join to Utest Website has new user:Given than alejandro wants to join in the Utest Website with the personal data [Alejandro open up [Alejandro opens the Utest page]]
[Test worker] WARN net.thucydides.core.steps.BaseStepListener - stepFinished: current outcome:Join to Utest Website has new user:Given than alejandro wants to join in the Utest Website with the personal data [Alejandro open up [Alejandro opens the Utest page]]
[Test worker] WARN net.thucydides.core.steps.BaseStepListener - stepStarted: net.thucydides.core.steps.ExecutedStepDescription@2eebcc74
[Test worker] WARN net.thucydides.core.steps.BaseStepListener - stepFinished: current outcome:Join to Utest Website has new user:Given than alejandro wants to join in the Utest Website with the personal data [Alejandro open up [Alejandro opens the Utest page]], When he register your personal information in the register form
[Test worker] WARN net.thucydides.core.steps.BaseStepListener - stepStarted: net.thucydides.core.steps.ExecutedStepDescription@44bf80c6
[Test worker] WARN net.thucydides.core.steps.BaseStepListener - stepFinished: current outcome:Join to Utest Website has new user:Given than alejandro wants to join in the Utest Website with the personal data [Alejandro open up [Alejandro opens the Utest page]], When he register your personal information in the register form, Then he wants to check the user has created correctly
[Test worker] WARN net.thucydides.core.steps.BaseStepListener - testFinished: Join to Utest Website has new user:Given than alejandro wants to join in the Utest Website with the personal data [Alejandro open up [Alejandro opens the Utest page]], When he register your personal information in the register form, Then he wants to check the user has created correctly
[Test worker] WARN net.thucydides.core.steps.BaseStepListener - TestOutcomes: [Join to Utest Website has new user:Given than alejandro wants to join in the Utest Website with the personal data [Alejandro open up [Alejandro opens the Utest page]], When he register your personal information in the register form, Then he wants to check the user has created correctly]
[Test worker] WARN net.thucydides.core.steps.BaseStepListener - Final testOutcomes: [Join to Utest Website has new user:Given than alejandro wants to join in the Utest Website with the personal data [Alejandro open up [Alejandro opens the Utest page]], When he register your personal information in the register form, Then he wants to check the user has created correctly]
[Test worker] INFO net.thucydides.core.steps.ConsoleLoggingListener - 
        __    _____ _____ ____ _____   ____   _    ____  ____  _____ ____  
  _     \ \  |_   _| ____/ ___|_   _| |  _ \ / \  / ___|/ ___|| ____|  _ \ 
 (_)_____| |   | | |  _| \___ \ | |   | |_) / _ \ \___ \\___ \|  _| | | | |
  _|_____| |   | | | |___ ___) || |   |  __/ ___ \ ___) |___) | |___| |_| |
 (_)     | |   |_| |_____|____/ |_|   |_| /_/   \_\____/|____/|_____|____/ 
        /_/                                                                

TEST PASSED: Join to Utest Website has new user
----------------------------------------------------------------------------
]]></system-err>
</testsuite>
